<?xml version="1.0" encoding="utf-8"?><testsuites name="pytest tests"><testsuite name="pytest" errors="0" failures="0" skipped="0" tests="26" time="14.175" timestamp="2026-04-27T03:17:54.012368+00:00" hostname="agent-env-36a5e4ee-f208-4ecf-b601-e9660ed51f3b"><testcase classname="backend.tests.test_experiments" name="test_framing_sample_shape" time="0.274" /><testcase classname="backend.tests.test_experiments" name="test_framing_vote_A" time="0.108" /><testcase classname="backend.tests.test_experiments" name="test_framing_vote_B" time="0.099" /><testcase classname="backend.tests.test_experiments" name="test_framing_vote_invalid" time="0.049" /><testcase classname="backend.tests.test_experiments" name="test_framing_tally" time="0.051" /><testcase classname="backend.tests.test_experiments" name="test_dread_sample_three_buckets" time="0.049" /><testcase classname="backend.tests.test_experiments" name="test_dread_vote_valid" time="0.100" /><testcase classname="backend.tests.test_experiments" name="test_dread_vote_invalid" time="0.046" /><testcase classname="backend.tests.test_experiments" name="test_dread_tally" time="0.048" /><testcase classname="backend.tests.test_experiments" name="test_quiet_close_dataset_path" time="0.050" /><testcase classname="backend.tests.test_experiments" name="test_quiet_close_with_session_id_gemini" time="6.473" /><testcase classname="backend.tests.test_experiments" name="test_quiet_close_share_record" time="0.073" /><testcase classname="backend.tests.test_experiments" name="test_experiments_results" time="0.053" /><testcase classname="backend.tests.backend_test" name="test_root_ok" time="0.188" /><testcase classname="backend.tests.backend_test" name="test_stats" time="0.055" /><testcase classname="backend.tests.backend_test" name="test_scan_response_shape" time="4.559" /><testcase classname="backend.tests.backend_test" name="test_scan_cold_threads_valid" time="0.000" /><testcase classname="backend.tests.backend_test" name="test_scan_hits_real_gemini" time="0.002" /><testcase classname="backend.tests.backend_test" name="test_get_scan_by_session" time="0.051" /><testcase classname="backend.tests.backend_test" name="test_get_scan_not_found" time="0.069" /><testcase classname="backend.tests.backend_test" name="test_access_request_valid" time="0.065" /><testcase classname="backend.tests.backend_test" name="test_access_request_invalid_email" time="0.052" /><testcase classname="backend.tests.backend_test" name="test_draft_reply_valid" time="1.303" /><testcase classname="backend.tests.backend_test" name="test_draft_reply_invalid_session" time="0.055" /><testcase classname="backend.tests.backend_test" name="test_draft_reply_invalid_thread" time="0.053" /><testcase classname="backend.tests.backend_test" name="test_access_requests_list" time="0.106" /></testsuite></testsuites>