<?xml version="1.0" encoding="utf-8"?><testsuites name="pytest tests"><testsuite name="pytest" errors="0" failures="0" skipped="0" tests="10" time="6.338" timestamp="2026-04-26T19:24:17.408893+00:00" hostname="agent-env-36a5e4ee-f208-4ecf-b601-e9660ed51f3b"><testcase classname="backend.tests.backend_test" name="test_root_ok" time="0.268" /><testcase classname="backend.tests.backend_test" name="test_stats" time="0.053" /><testcase classname="backend.tests.backend_test" name="test_scan_response_shape" time="5.640" /><testcase classname="backend.tests.backend_test" name="test_scan_cold_threads_valid" time="0.000" /><testcase classname="backend.tests.backend_test" name="test_scan_hits_real_gemini" time="0.000" /><testcase classname="backend.tests.backend_test" name="test_get_scan_by_session" time="0.053" /><testcase classname="backend.tests.backend_test" name="test_get_scan_not_found" time="0.053" /><testcase classname="backend.tests.backend_test" name="test_access_request_valid" time="0.055" /><testcase classname="backend.tests.backend_test" name="test_access_request_invalid_email" time="0.047" /><testcase classname="backend.tests.backend_test" name="test_access_requests_list" time="0.094" /></testsuite></testsuites>